<?xml version="1.0" encoding="UTF-8"?>
<!-- Generated by org.testng.reporters.JUnitXMLReporter -->
<testsuite ignored="0" hostname="DESKTOP-RJCO49F" failures="0" tests="1" name="SmokeTest" time="0.099" errors="0" timestamp="2024-05-15T14:51:54 IST">
  <testcase classname="testBase.BaseClass" name="@BeforeClass setup" time="-1.715764914579E9">
    <failure type="org.testng.TestNGException" message="
Parameter &amp;apos;os&amp;apos; is required by BeforeClass on method setup but has not been marked @Optional or defined
in C:\Users\Naidu\eclipse-workspace\HybridFrameWork-MIS\testng.xml">
      <![CDATA[org.testng.TestNGException: 
Parameter 'os' is required by BeforeClass on method setup but has not been marked @Optional or defined
in C:\Users\Naidu\eclipse-workspace\HybridFrameWork-MIS\testng.xml
at java.base/java.util.ArrayList.forEach(ArrayList.java:1596)
... Removed 22 stack frames]]>
    </failure>
  </testcase> <!-- @BeforeClass setup -->
  <testcase classname="testBase.BaseClass" name="@AfterClass tearDown" time="0.0">
    <skipped/>
  </testcase> <!-- @AfterClass tearDown -->
  <testcase classname="testCases.TC_003_LogoutTest" name="profile_setting_icon" time="0.001">
    <skipped/>
  </testcase> <!-- profile_setting_icon -->
</testsuite> <!-- SmokeTest -->
