<?xml version="1.0" encoding="UTF-8"?>
<!-- Generated by org.testng.reporters.JUnitXMLReporter -->
<testsuite ignored="0" hostname="DESKTOP-RJCO49F" failures="0" tests="1" name="Test" time="0.088" errors="0" timestamp="2024-05-02T10:44:24 IST">
  <testcase classname="testBase.BaseClass" name="@BeforeClass setup" time="-1.714626864436E9">
    <failure type="org.testng.TestNGException" message="
Parameter &amp;apos;os&amp;apos; is required by BeforeClass on method setup but has not been marked @Optional or defined
in C:\Users\Naidu\eclipse-workspace\HybridFrameWork-MIS\master.xml">
      <![CDATA[org.testng.TestNGException: 
Parameter 'os' is required by BeforeClass on method setup but has not been marked @Optional or defined
in C:\Users\Naidu\eclipse-workspace\HybridFrameWork-MIS\master.xml
at java.base/java.util.ArrayList.forEach(ArrayList.java:1596)
... Removed 22 stack frames]]>
    </failure>
  </testcase> <!-- @BeforeClass setup -->
  <testcase classname="testBase.BaseClass" name="@AfterClass tearDown" time="0.0">
    <skipped/>
  </testcase> <!-- @AfterClass tearDown -->
  <testcase classname="testCases.TC_001_LoginTest" name="verify_LoginTest" time="0.001">
    <skipped/>
  </testcase> <!-- verify_LoginTest -->
</testsuite> <!-- Test -->
